Command line:
   full_adder_tb_isim_beh.exe
     -simmode  gui
     -simrunnum  0
     -socket  51282

Sun Sep 29 13:08:25 2024


 Elaboration Time: 0.03125 sec

 Current Memory Usage: 5150.16 Meg

 Total Signals          : 20
 Total Nets             : 18
 Total Signal Drivers   : 10
 Total Blocks           : 3
 Total Primitive Blocks : 2
 Total Processes        : 15
 Total Traceable Variables  : 22
 Total Scalar Nets and Variables : 133
Total Line Count : 30

 Total Simulation Time: 0.03125 sec

 Current Memory Usage: 5464.73 Meg

Sun Sep 29 13:08:56 2024

